<?xml version="1.0" encoding="UTF-8"?>
<testsuite xmlns:xsi="http://www.w3.org/2001/XMLSchema-instance" xsi:noNamespaceSchemaLocation="https://maven.apache.org/surefire/maven-surefire-plugin/xsd/surefire-test-report-3.0.xsd" version="3.0" name="com.chubb.claims.controller.ClaimControllerTest" time="12.531" tests="2" errors="0" skipped="0" failures="0">
  <properties>
[...]
</properties>
  <testcase name="shouldAssignClaimAndReturnWorkloadSummary" classname="com.chubb.claims.controller.ClaimControllerTest" time="1.97">
    <system-out><![CDATA[20:34:37.845 [main] INFO org.springframework.test.context.support.AnnotationConfigContextLoaderUtils -- Could not detect default configuration classes for test class [com.chubb.claims.controller.ClaimControllerTest]: ClaimControllerTest does not declare any static, non-private, non-final, nested classes annotated with @Configuration.
20:34:38.121 [main] INFO org.springframework.boot.test.context.SpringBootTestContextBootstrapper -- Found @SpringBootConfiguration com.chubb.claims.ClaimsBackendApplication for test class com.chubb.claims.controller.ClaimControllerTest

  .   ____          _            __ _ _
 /\\ / ___'_ __ _ _(_)_ __  __ _ \ \ \ \
( ( )\___ | '_ | '_| | '_ \/ _` | \ \ \ \
 \\/  ___)| |_)| | | | | || (_| |  ) ) ) )
  '  |____| .__|_| |_|_| |_\__, | / / / /
 =========|_|==============|___/=/_/_/_/

 :: Spring Boot ::                (v3.3.1)

2026-07-16T20:34:39.028+05:30  INFO 23352 --- [           main] c.c.c.controller.ClaimControllerTest     : Starting ClaimControllerTest using Java 17.0.12 with PID 23352 (started by meera.c.anil in C:\Users\meera.c.anil\Chubb-dashboard)
2026-07-16T20:34:39.028+05:30  INFO 23352 --- [           main] c.c.c.controller.ClaimControllerTest     : No active profile set, falling back to 1 default profile: "default"
2026-07-16T20:34:40.542+05:30  INFO 23352 --- [           main] .s.d.r.c.RepositoryConfigurationDelegate : Bootstrapping Spring Data JPA repositories in DEFAULT mode.
2026-07-16T20:34:40.689+05:30  INFO 23352 --- [           main] .s.d.r.c.RepositoryConfigurationDelegate : Finished Spring Data repository scanning in 130 ms. Found 2 JPA repository interfaces.
2026-07-16T20:34:41.845+05:30  INFO 23352 --- [           main] o.hibernate.jpa.internal.util.LogHelper  : HHH000204: Processing PersistenceUnitInfo [name: default]
2026-07-16T20:34:42.100+05:30  INFO 23352 --- [           main] org.hibernate.Version                    : HHH000412: Hibernate ORM core version 6.5.2.Final
2026-07-16T20:34:42.193+05:30  INFO 23352 --- [           main] o.h.c.internal.RegionFactoryInitiator    : HHH000026: Second-level cache disabled
2026-07-16T20:34:43.745+05:30  INFO 23352 --- [           main] o.s.o.j.p.SpringPersistenceUnitInfo      : No LoadTimeWeaver setup: ignoring JPA class transformer
2026-07-16T20:34:43.809+05:30  INFO 23352 --- [           main] com.zaxxer.hikari.HikariDataSource       : HikariPool-1 - Starting...
2026-07-16T20:34:44.296+05:30  INFO 23352 --- [           main] com.zaxxer.hikari.pool.HikariPool        : HikariPool-1 - Added connection conn0: url=jdbc:h2:mem:chubb_claims user=SA
2026-07-16T20:34:44.301+05:30  INFO 23352 --- [           main] com.zaxxer.hikari.HikariDataSource       : HikariPool-1 - Start completed.
2026-07-16T20:34:44.357+05:30  WARN 23352 --- [           main] org.hibernate.orm.deprecation            : HHH90000025: H2Dialect does not need to be specified explicitly using 'hibernate.dialect' (remove the property setting and it will be selected by default)
2026-07-16T20:34:45.970+05:30  INFO 23352 --- [           main] o.h.e.t.j.p.i.JtaPlatformInitiator       : HHH000489: No JTA platform available (set 'hibernate.transaction.jta.platform' to enable JTA platform integration)
Hibernate: create table claim_activities (id bigint generated by default as identity, actor varchar(255) not null, created_at timestamp(6) not null, message varchar(2000) not null, claim_id bigint not null, primary key (id))
Hibernate: create table claims (id bigint generated by default as identity, assigned_to varchar(255), claimant_email varchar(255) not null, claimant_name varchar(255) not null, created_at timestamp(6) not null, description varchar(1000) not null, estimated_loss numeric(38,2), loss_type varchar(255) not null, market varchar(255) not null, status enum ('OPEN','REJECTED','SETTLED','UNDER_REVIEW') not null, updated_at timestamp(6), primary key (id))
Hibernate: alter table if exists claim_activities add constraint FK8fpu382ea88rsduroqj6qm7km foreign key (claim_id) references claims
2026-07-16T20:34:46.062+05:30  INFO 23352 --- [           main] j.LocalContainerEntityManagerFactoryBean : Initialized JPA EntityManagerFactory for persistence unit 'default'
2026-07-16T20:34:47.015+05:30  WARN 23352 --- [           main] JpaBaseConfiguration$JpaWebConfiguration : spring.jpa.open-in-view is enabled by default. Therefore, database queries may be performed during view rendering. Explicitly configure spring.jpa.open-in-view to disable this warning
2026-07-16T20:34:47.829+05:30  INFO 23352 --- [           main] o.s.b.a.h2.H2ConsoleAutoConfiguration    : H2 console available at '/h2-console'. Database available at 'jdbc:h2:mem:chubb_claims'
2026-07-16T20:34:47.949+05:30  INFO 23352 --- [           main] o.s.b.t.m.w.SpringBootMockServletContext : Initializing Spring TestDispatcherServlet ''
2026-07-16T20:34:47.950+05:30  INFO 23352 --- [           main] o.s.t.web.servlet.TestDispatcherServlet  : Initializing Servlet ''
2026-07-16T20:34:47.954+05:30  INFO 23352 --- [           main] o.s.t.web.servlet.TestDispatcherServlet  : Completed initialization in 2 ms
2026-07-16T20:34:47.999+05:30  INFO 23352 --- [           main] c.c.c.controller.ClaimControllerTest     : Started ClaimControllerTest in 9.525 seconds (process running for 11.482)
Hibernate: insert into claims (assigned_to,claimant_email,claimant_name,created_at,description,estimated_loss,loss_type,market,status,updated_at,id) values (?,?,?,?,?,?,?,?,?,?,default)
Hibernate: select c1_0.id,c1_0.assigned_to,c1_0.claimant_email,c1_0.claimant_name,c1_0.created_at,c1_0.description,c1_0.estimated_loss,c1_0.loss_type,c1_0.market,c1_0.status,c1_0.updated_at from claims c1_0 where c1_0.id=?
Hibernate: insert into claim_activities (actor,claim_id,created_at,message,id) values (?,?,?,?,default)
Hibernate: update claims set assigned_to=?,claimant_email=?,claimant_name=?,created_at=?,description=?,estimated_loss=?,loss_type=?,market=?,status=?,updated_at=? where id=?
Hibernate: select c1_0.id,c1_0.assigned_to,c1_0.claimant_email,c1_0.claimant_name,c1_0.created_at,c1_0.description,c1_0.estimated_loss,c1_0.loss_type,c1_0.market,c1_0.status,c1_0.updated_at from claims c1_0 where c1_0.id=?
Hibernate: insert into claim_activities (actor,claim_id,created_at,message,id) values (?,?,?,?,default)
Hibernate: update claims set assigned_to=?,claimant_email=?,claimant_name=?,created_at=?,description=?,estimated_loss=?,loss_type=?,market=?,status=?,updated_at=? where id=?
Hibernate: select c1_0.id,c1_0.assigned_to,c1_0.claimant_email,c1_0.claimant_name,c1_0.created_at,c1_0.description,c1_0.estimated_loss,c1_0.loss_type,c1_0.market,c1_0.status,c1_0.updated_at from claims c1_0
]]></system-out>
  </testcase>
  <testcase name="shouldCreateClaim" classname="com.chubb.claims.controller.ClaimControllerTest" time="0.011">
    <system-out><![CDATA[Hibernate: insert into claims (assigned_to,claimant_email,claimant_name,created_at,description,estimated_loss,loss_type,market,status,updated_at,id) values (?,?,?,?,?,?,?,?,?,?,default)
]]></system-out>
  </testcase>
</testsuite>